app/seeds.txt
com.techdev.goalbuzz.util.SmoothGridLayoutManager
com.techdev.goalbuzz.model.fixture.HalfTime
com.techdev.goalbuzz.model.top.Team
com.techdev.goalbuzz.model.top.Player
com.techdev.goalbuzz.ui.fixture.FixtureActivity
com.techdev.goalbuzz.model.fixture.Season
com.techdev.goalbuzz.ui.info.InfoActivity
com.techdev.goalbuzz.model.league.League
com.techdev.goalbuzz.model.fixture.AwayTeam
com.techdev.goalbuzz.model.live.AwayTeam
com.techdev.goalbuzz.model.point.Season
com.techdev.goalbuzz.model.fixture.Competition
com.techdev.goalbuzz.room.model.BaseEntity
com.techdev.goalbuzz.room.model.Admob
com.techdev.goalbuzz.model.point.Area
com.techdev.goalbuzz.room.model.PinnedMatch
com.techdev.goalbuzz.ui.top.TopActivity
com.techdev.goalbuzz.view.AutofitRecyclerView
com.techdev.goalbuzz.ui.base.BaseFragment
com.techdev.goalbuzz.model.market.Amazon
com.techdev.goalbuzz.model.point.Table
com.techdev.goalbuzz.model.top.Filters
com.techdev.goalbuzz.model.live.Score
com.techdev.goalbuzz.room.model.Result
com.techdev.goalbuzz.ui.explore.ExploreActivity
com.techdev.goalbuzz.ui.splash.SplashActivity
com.techdev.goalbuzz.room.database.RoomManager
com.techdev.goalbuzz.model.market.Product
com.techdev.goalbuzz.room.database.RoomManager_Impl
com.techdev.goalbuzz.model.league.CurrentSeason
com.techdev.goalbuzz.model.point.PointTable
com.techdev.goalbuzz.ui.main.MainActivity
com.techdev.goalbuzz.model.top.Scorer
com.techdev.goalbuzz.model.live.Season
com.techdev.goalbuzz.model.live.Filters
com.techdev.goalbuzz.model.point.Filters
com.techdev.goalbuzz.model.top.Season
com.techdev.goalbuzz.util.SmoothLinearLayoutManager
com.techdev.goalbuzz.model.league.Winner
com.techdev.goalbuzz.model.point.Standing
com.techdev.goalbuzz.model.top.Competition
com.techdev.goalbuzz.model.point.Team
com.techdev.goalbuzz.model.fixture.HomeTeam
com.techdev.goalbuzz.model.league.Area
com.techdev.goalbuzz.model.fixture.FullTime
com.techdev.goalbuzz.network.client.ApiRepository
com.techdev.goalbuzz.model.live.FullTime
com.techdev.goalbuzz.model.fixture.Match
com.techdev.goalbuzz.ui.videos.VideoHighlightsActivity
com.techdev.goalbuzz.model.live.Penalties
com.techdev.goalbuzz.ui.team.TeamActivity
com.techdev.goalbuzz.model.live.Competition
com.techdev.goalbuzz.model.fixture.Area
com.techdev.goalbuzz.ui.standing.StandingActivity
com.techdev.goalbuzz.model.top.Area
com.techdev.goalbuzz.model.League
com.techdev.goalbuzz.model.live.ExtraTime
com.techdev.goalbuzz.model.point.Competition
com.techdev.goalbuzz.ui.top.TopFragment
com.techdev.goalbuzz.model.team.TeamInfo
com.techdev.goalbuzz.app.GoalKick
com.techdev.goalbuzz.receiver.NotificationPublisher
com.techdev.goalbuzz.model.top.TopScorer
com.techdev.goalbuzz.util.SpanningLinearLayoutManager
com.techdev.goalbuzz.model.team.Team
com.techdev.goalbuzz.model.league.Season
com.techdev.goalbuzz.view.TouchableRecyclerView
com.techdev.goalbuzz.ui.affiliate.AccessoryActivity
com.techdev.goalbuzz.model.fixture.Score
com.techdev.goalbuzz.model.fixture.Filters
com.techdev.goalbuzz.model.fixture.Referee
com.techdev.goalbuzz.DataBinderMapperImpl
com.techdev.goalbuzz.model.live.Live
com.techdev.goalbuzz.model.Query
com.techdev.goalbuzz.model.live.HalfTime
com.techdev.goalbuzz.ui.standing.StandingFragment
com.techdev.goalbuzz.model.live.HomeTeam
com.techdev.goalbuzz.model.live.Match
com.techdev.goalbuzz.model.fixture.Fixtures
com.techdev.goalbuzz.model.fixture.ExtraTime
com.techdev.goalbuzz.model.fixture.Penalties
com.techdev.goalbuzz.model.Social
com.techdev.goalbuzz.model.league.League: com.techdev.goalbuzz.model.league.CurrentSeason currentSeason
com.techdev.goalbuzz.room.model.Admob: java.lang.String name
com.techdev.goalbuzz.model.live.Score: com.techdev.goalbuzz.model.live.FullTime fullTime
com.techdev.goalbuzz.model.point.Season: java.lang.Integer currentMatchday
com.techdev.goalbuzz.model.live.HomeTeam: java.lang.String name
com.techdev.goalbuzz.model.top.Competition: java.lang.String plan
...
androidx.vectordrawable.graphics.drawable.VectorDrawableCompat$VectorDrawableCompatState: int getChangingConfigurations()
androidx.constraintlayout.core.widgets.ConstraintWidget$DimensionBehaviour: androidx.constraintlayout.core.widgets.ConstraintWidget$DimensionBehaviour[] values()
com.google.ads.mediation.AbstractAdViewAdapter: android.view.View getBannerView()
androidx.appcompat.widget.AppCompatImageButton: void setImageDrawable(android.graphics.drawable.Drawable)
androidx.appcompat.widget.AppCompatImageView: android.content.res.ColorStateList getSupportImageTintList()
androidx.appcompat.widget.AppCompatImageButton: android.graphics.PorterDuff$Mode getSupportImageTintMode()
androidx.appcompat.widget.AppCompatSpinner: void setDropDownWidth(int)
androidx.constraintlayout.motion.widget.MotionLayout: int getEndState()
com.google.android.material.floatingactionbutton.FloatingActionButton$Behavior: FloatingActionButton$Behavior(android.content.Context,android.util.AttributeSet)
com.google.ads.mediation.AbstractAdViewAdapter: java.lang.String getAdUnitId(android.os.Bundle)
com.google.android.gms.ads.mediation.customevent.CustomEventInterstitial: void showInterstitial()
androidx.appcompat.widget.AbsActionBarView: int getAnimatedVisibility()
com.google.android.material.timepicker.TimePickerView: TimePickerView(android.content.Context,android.util.AttributeSet)
androidx.constraintlayout.widget.Barrier: void setMargin(int)
androidx.lifecycle.SavedStateHandleController$OnRecreation: SavedStateHandleController$OnRecreation()
com.google.android.material.textfield.TextInputEditText: java.lang.CharSequence getHint()
com.google.android.material.chip.Chip: java.lang.CharSequence getCloseIconContentDescription()
androidx.appcompat.widget.AppCompatSpinner: android.graphics.PorterDuff$Mode getSupportBackgroundTintMode()
com.bumptech.glide.load.resource.bitmap.DownsampleStrategy$SampleSizeRounding: com.bumptech.glide.load.resource.bitmap.DownsampleStrategy$SampleSizeRounding valueOf(java.lang.String)
com.google.android.material.textfield.TextInputLayout: void setErrorIconVisible(boolean)
android.support.v4.app.RemoteActionCompatParcelizer: RemoteActionCompatParcelizer()
androidx.recyclerview.widget.RecyclerView: androidx.recyclerview.widget.RecyclerView$ItemAnimator getItemAnimator()
com.google.firebase.perf.metrics.AppStartTrace: void setLauncherActivityOnCreateTime(java.lang.String)
com.google.android.material.button.MaterialButtonToggleGroup: void setSingleSelection(int)
com.google.android.material.button.MaterialButton: int getTextWidth()
androidx.appcompat.widget.ActionMenuView: android.view.Menu getMenu()
com.google.ads.mediation.MediationBannerAdapter: void destroy()
com.google.android.material.button.MaterialButton: android.graphics.PorterDuff$Mode getSupportBackgroundTintMode()
com.google.firebase.abt.component.AbtRegistrar: AbtRegistrar()
androidx.recyclerview.widget.RecyclerView: void setRecyclerListener(androidx.recyclerview.widget.RecyclerView$RecyclerListener)
com.google.android.material.floatingactionbutton.FloatingActionButton: void setBackgroundResource(int)
com.google.android.material.button.MaterialButtonToggleGroup: int getFirstVisibleChildIndex()
androidx.appcompat.widget.SearchView: void setOnSuggestionListener(androidx.appcompat.widget.SearchView$OnSuggestionListener)
com.google.android.gms.ads.AdView: AdView(android.content.Context,android.util.AttributeSet)
com.google.android.material.card.MaterialCardView: void setClickable(boolean)
androidx.appcompat.widget.SearchView: void setOnQueryTextFocusChangeListener(android.view.View$OnFocusChangeListener)
com.google.firebase.remoteconfig.internal.ConfigFetchHttpClient: com.google.firebase.remoteconfig.internal.ConfigFetchHandler$FetchResponse fetch(java.net.HttpURLConnection,java.lang.String,java.lang.String,java.util.Map,java.lang.String,java.util.Map,java.util.Date)