app/unused.txt
com.techdev.goalbuzz.BR
com.techdev.goalbuzz.BuildConfig
com.techdev.goalbuzz.DataBinderMapperImpl$InnerBrLookup
com.techdev.goalbuzz.DataBinderMapperImpl$InnerLayoutIdLookup
com.techdev.goalbuzz.DataBinderMapperImpl:
    private static final int LAYOUT_ACTIVITYACCESSORY
    private static final int LAYOUT_ACTIVITYEXPLORE
    private static final int LAYOUT_ACTIVITYFIXTURE
    private static final int LAYOUT_ACTIVITYINFO
    private static final int LAYOUT_ACTIVITYMAIN
    private static final int LAYOUT_ACTIVITYSTANDING
    private static final int LAYOUT_ACTIVITYTEAM
    private static final int LAYOUT_ACTIVITYTOP
    private static final int LAYOUT_ACTIVITYVIDEOHIGHLIGHTS
    private static final int LAYOUT_FRAGMENTSTANDING
    private static final int LAYOUT_FRAGMENTTOP
    private static final int LAYOUT_ITEMACCESSORY
    private static final int LAYOUT_ITEMEMPTYVIEW
    private static final int LAYOUT_ITEMFIXTURE
    private static final int LAYOUT_ITEMLEAGUE
    private static final int LAYOUT_ITEMLIVEMATCH
    private static final int LAYOUT_ITEMPOINTTABLE
    private static final int LAYOUT_ITEMPOINTTABLEHEADER
    private static final int LAYOUT_ITEMPOINTTABLEMULTI
    private static final int LAYOUT_ITEMTEAM
    private static final int LAYOUT_ITEMTOPSCORER
    private static final int LAYOUT_ITEMUPCOMINGMATCH
    private static final int LAYOUT_LAYOUTLEAGUESCARD
    private static final int LAYOUT_TEMPLATEACCESSORIES
    private static final int LAYOUT_TEMPLATEDASHBOARDTOPMENU
    private static final int LAYOUT_TEMPLATEEUROBANNER
    private static final int LAYOUT_TEMPLATEEXPLORE
com.techdev.goalbuzz.DataBindingTriggerClass
com.techdev.goalbuzz.Main
com.techdev.goalbuzz.R$anim
com.techdev.goalbuzz.R$animator
com.techdev.goalbuzz.R$array
com.techdev.goalbuzz.R$attr
com.techdev.goalbuzz.R$bool
com.techdev.goalbuzz.R$color
com.techdev.goalbuzz.R$dimen
com.techdev.goalbuzz.R$drawable
com.techdev.goalbuzz.R$font
com.techdev.goalbuzz.R$id
com.techdev.goalbuzz.R$integer
com.techdev.goalbuzz.R$interpolator
com.techdev.goalbuzz.R$layout
com.techdev.goalbuzz.R$menu
com.techdev.goalbuzz.R$mipmap
com.techdev.goalbuzz.R$navigation
com.techdev.goalbuzz.R$plurals
com.techdev.goalbuzz.R$string
com.techdev.goalbuzz.R$style
com.techdev.goalbuzz.R$styleable
com.techdev.goalbuzz.R$xml
com.techdev.goalbuzz.R
com.techdev.goalbuzz.adapter.BaseItemType
com.techdev.goalbuzz.adapter.BaseRecyclerAdapter:
    public int getItemCount()
    public synthetic bridge void onBindViewHolder(androidx.recyclerview.widget.RecyclerView$ViewHolder,int)
    public void onBindViewHolder(com.techdev.goalbuzz.adapter.BaseRecyclerViewHolder,int)
    public synthetic bridge androidx.recyclerview.widget.RecyclerView$ViewHolder onCreateViewHolder(android.view.ViewGroup,int)
    public com.techdev.goalbuzz.adapter.BaseRecyclerViewHolder onCreateViewHolder(android.view.ViewGroup,int)
com.techdev.goalbuzz.adapter.RecyclerViewAdapter:
    protected void <init>(java.lang.String)
    protected void <init>(java.util.List)
    public java.util.List getItemList()
com.techdev.goalbuzz.databinding.ActivityAccessoryBinding:
    public static com.techdev.goalbuzz.databinding.ActivityAccessoryBinding bind(android.view.View)
    public static com.techdev.goalbuzz.databinding.ActivityAccessoryBinding bind(android.view.View,java.lang.Object)
    public static com.techdev.goalbuzz.databinding.ActivityAccessoryBinding inflate(android.view.LayoutInflater)
    public static com.techdev.goalbuzz.databinding.ActivityAccessoryBinding inflate(android.view.LayoutInflater,android.view.ViewGroup,boolean)
    public static com.techdev.goalbuzz.databinding.ActivityAccessoryBinding inflate(android.view.LayoutInflater,android.view.ViewGroup,boolean,java.lang.Object)
    public static com.techdev.goalbuzz.databinding.ActivityAccessoryBinding inflate(android.view.LayoutInflater,java.lang.Object)
...
androidx.room.Fts4
androidx.room.FtsOptions$MatchInfo
androidx.room.FtsOptions$Order
androidx.room.FtsOptions
androidx.room.IMultiInstanceInvalidationCallback$Stub$Proxy:
    public java.lang.String getInterfaceDescriptor()
androidx.room.IMultiInstanceInvalidationCallback$Stub:
    private static final java.lang.String DESCRIPTOR
    static final int TRANSACTION_onInvalidation
androidx.room.IMultiInstanceInvalidationService$Stub$Proxy:
    public java.lang.String getInterfaceDescriptor()
androidx.room.IMultiInstanceInvalidationService$Stub:
    private static final java.lang.String DESCRIPTOR
    static final int TRANSACTION_broadcastInvalidation
    static final int TRANSACTION_registerCallback
    static final int TRANSACTION_unregisterCallback
androidx.room.Ignore
androidx.room.Index
androidx.room.Insert
androidx.room.InvalidationLiveDataContainer:
    androidx.lifecycle.LiveData create(java.lang.String[],boolean,java.util.concurrent.Callable)
    void onActive(androidx.lifecycle.LiveData)
    void onInactive(androidx.lifecycle.LiveData)
androidx.room.InvalidationTracker$ObservedTableTracker:
    static final int ADD
    static final int NO_OP
    static final int REMOVE
androidx.room.InvalidationTracker$Observer:
    protected varargs void <init>(java.lang.String,java.lang.String[])
androidx.room.InvalidationTracker$WeakObserver
androidx.room.InvalidationTracker:
    private static final java.lang.String CREATE_TRACKING_TABLE_SQL
    private static final java.lang.String INVALIDATED_COLUMN_NAME
    static final java.lang.String RESET_UPDATED_TABLES_SQL
    static final java.lang.String SELECT_UPDATED_TABLES_SQL
    private static final java.lang.String TABLE_ID_COLUMN_NAME
    private static final java.lang.String UPDATE_TABLE_NAME
    public void addWeakObserver(androidx.room.InvalidationTracker$Observer)
    public androidx.lifecycle.LiveData createLiveData(java.lang.String[],java.util.concurrent.Callable)
    public androidx.lifecycle.LiveData createLiveData(java.lang.String[],boolean,java.util.concurrent.Callable)
    public void refreshVersionsSync()
    void stopMultiInstanceInvalidation()
    private java.lang.String[] validateAndResolveTableNames(java.lang.String[])
androidx.room.MultiInstanceInvalidationClient:
    void stop()
androidx.room.OnConflictStrategy
androidx.room.PrimaryKey
androidx.room.Query
androidx.room.R$attr
androidx.room.R$color
androidx.room.R$dimen
androidx.room.R$drawable
androidx.room.R$id
androidx.room.R$integer
androidx.room.R$layout
androidx.room.R$string
androidx.room.R$style
androidx.room.R$styleable
androidx.room.R
androidx.room.RawQuery
androidx.room.Relation
androidx.room.Room:
    private static final java.lang.String CURSOR_CONV_SUFFIX
    static final java.lang.String LOG_TAG
    public static final java.lang.String MASTER_TABLE_NAME
    public void <init>()
androidx.room.RoomDatabase$Builder:
    public androidx.room.RoomDatabase$Builder enableMultiInstanceInvalidation()
    public varargs androidx.room.RoomDatabase$Builder fallbackToDestructiveMigrationFrom(int[])
    public androidx.room.RoomDatabase$Builder fallbackToDestructiveMigrationOnDowngrade()
    public androidx.room.RoomDatabase$Builder openHelperFactory(androidx.sqlite.db.SupportSQLiteOpenHelper$Factory)
    public androidx.room.RoomDatabase$Builder setJournalMode(androidx.room.RoomDatabase$JournalMode)
    public androidx.room.RoomDatabase$Builder setTransactionExecutor(java.util.concurrent.Executor)